<?xml version="1.0" encoding="UTF-8"?>
<testng-results ignored="0" total="1" passed="1" failed="0" skipped="0">
  <reporter-output>
  </reporter-output>
  <suite started-at="2023-05-25T15:08:45 MESZ" name="Surefire suite" finished-at="2023-05-25T15:09:07 MESZ" duration-ms="22547">
    <groups>
    </groups>
    <test started-at="2023-05-25T15:08:45 MESZ" name="Surefire test" finished-at="2023-05-25T15:09:07 MESZ" duration-ms="22547">
      <class name="com.herokuapp.theinternet.PositiveTest">
        <test-method signature="loginTest()[pri:0, instance:com.herokuapp.theinternet.PositiveTest@6b53e23f]" started-at="2023-05-25T15:08:45 MESZ" name="loginTest" finished-at="2023-05-25T15:09:07 MESZ" duration-ms="22503" status="PASS">
          <reporter-output>
          </reporter-output>
        </test-method> <!-- loginTest -->
      </class> <!-- com.herokuapp.theinternet.PositiveTest -->
    </test> <!-- Surefire test -->
  </suite> <!-- Surefire suite -->
</testng-results>
